<?xml version="1.0" encoding="UTF-8"?>
<!-- Generated by org.testng.reporters.JUnitReportReporter -->
<testsuite hostname="DESKTOP-2AO23KP" failures="0" tests="2" name="SampleMaven.MaveTask.A" time="0.002" errors="0" timestamp="08 Jun 2019 13:45:18 GMT" skipped="0">
  <testcase classname="SampleMaven.MaveTask.A" name="One" time="0.001"/>
  <testcase classname="SampleMaven.MaveTask.A" name="Two" time="0.001"/>
</testsuite> <!-- SampleMaven.MaveTask.A -->
