<?xml version="1.0" encoding="UTF-8"?>
<!-- Generated by org.testng.reporters.JUnitReportReporter -->
<testsuite hostname="DESKTOP-2AO23KP" failures="0" tests="2" name="SampleMaven.MaveTask.C" time="0.016" errors="0" timestamp="08 Jun 2019 13:45:18 GMT" skipped="0">
  <testcase classname="SampleMaven.MaveTask.C" name="Five" time="0.015"/>
  <testcase classname="SampleMaven.MaveTask.C" name="Six" time="0.001"/>
</testsuite> <!-- SampleMaven.MaveTask.C -->
