<?xml version="1.0" encoding="UTF-8"?>
<!-- Generated by org.testng.reporters.JUnitReportReporter -->
<testsuite hostname="DESKTOP-2AO23KP" failures="0" tests="2" name="SampleMaven.MaveTask.B" time="0.004" errors="0" timestamp="08 Jun 2019 13:45:18 GMT" skipped="0">
  <testcase classname="SampleMaven.MaveTask.B" name="Four" time="0.001"/>
  <testcase classname="SampleMaven.MaveTask.B" name="Three" time="0.003"/>
</testsuite> <!-- SampleMaven.MaveTask.B -->
