<?xml version="1.0" encoding="UTF-8"?>
<!-- Generated by org.testng.reporters.JUnitReportReporter -->
<testsuite hostname="DESKTOP-2AO23KP" failures="0" tests="2" name="SampleMaven.MaveTask.C" time="0.010" errors="0" timestamp="8 Jun 2019 14:08:59 GMT">
  <testcase classname="SampleMaven.MaveTask.C" name="Five" time="0.008"/>
  <testcase classname="SampleMaven.MaveTask.C" name="Six" time="0.002"/>
</testsuite> <!-- SampleMaven.MaveTask.C -->
