<?xml version="1.0" encoding="UTF-8"?>
<!-- Generated by org.testng.reporters.JUnitReportReporter -->
<testsuite hostname="DESKTOP-2AO23KP" failures="0" tests="2" name="SampleMaven.MaveTask.DTest" time="0.018" errors="0" timestamp="15 Jun 2019 12:05:38 GMT">
  <testcase classname="SampleMaven.MaveTask.DTest" name="Seven" time="0.000"/>
  <testcase classname="SampleMaven.MaveTask.DTest" name="Eight" time="0.018"/>
</testsuite> <!-- SampleMaven.MaveTask.DTest -->
