<?xml version="1.0" encoding="UTF-8"?>
<!-- Generated by org.testng.reporters.JUnitReportReporter -->
<testsuite hostname="DESKTOP-2AO23KP" failures="0" tests="2" name="SampleMaven.MaveTask.ETest" time="0.000" errors="0" timestamp="8 Jun 2019 14:14:00 GMT">
  <testcase classname="SampleMaven.MaveTask.ETest" name="Nine" time="0.000"/>
  <testcase classname="SampleMaven.MaveTask.ETest" name="Ten" time="0.000"/>
</testsuite> <!-- SampleMaven.MaveTask.ETest -->
